c:\users\huzehao666\documents\cocos\cocosprojects\finalproject\proj.win32\debug.win32\vc140.pdb
c:\users\huzehao666\documents\cocos\cocosprojects\finalproject\proj.win32\debug.win32\json_reader.obj
c:\users\huzehao666\documents\cocos\cocosprojects\finalproject\proj.win32\debug.win32\game_scene.obj
c:\users\huzehao666\documents\cocos\cocosprojects\finalproject\proj.win32\debug.win32\hero.obj
c:\users\huzehao666\documents\cocos\cocosprojects\finalproject\proj.win32\debug.win32\json_value.obj
c:\users\huzehao666\documents\cocos\cocosprojects\finalproject\proj.win32\debug.win32\main.obj
c:\users\huzehao666\documents\cocos\cocosprojects\finalproject\proj.win32\debug.win32\appdelegate.obj
c:\users\huzehao666\documents\cocos\cocosprojects\finalproject\proj.win32\debug.win32\json_writer.obj
c:\users\huzehao666\documents\cocos\cocosprojects\finalproject\proj.win32\debug.win32\helloworldscene.obj
c:\users\huzehao666\documents\cocos\cocosprojects\finalproject\proj.win32\debug.win32\help_scene.obj
c:\users\huzehao666\documents\cocos\cocosprojects\finalproject\proj.win32\debug.win32\monstermanager.obj
c:\users\huzehao666\documents\cocos\cocosprojects\finalproject\proj.win32\debug.win32\vc140.idb
c:\users\huzehao666\documents\cocos\cocosprojects\finalproject\proj.win32\debug.win32\finalproject.lib
c:\users\huzehao666\documents\cocos\cocosprojects\finalproject\proj.win32\debug.win32\finalproject.exp
c:\users\huzehao666\documents\cocos\cocosprojects\finalproject\proj.win32\finalproject.cab
c:\users\huzehao666\documents\cocos\cocosprojects\finalproject\proj.win32\debug.win32\finalproject.ilk
c:\users\huzehao666\documents\cocos\cocosprojects\finalproject\proj.win32\debug.win32\finalproject.exe
c:\users\huzehao666\documents\cocos\cocosprojects\finalproject\proj.win32\debug.win32\finalproject.pdb
c:\users\huzehao666\documents\cocos\cocosprojects\finalproject\proj.win32\debug.win32\game.res
c:\users\huzehao666\documents\cocos\cocosprojects\finalproject\proj.win32\debug.win32\chn_strings.xml
c:\users\huzehao666\documents\cocos\cocosprojects\finalproject\proj.win32\debug.win32\finalproject.tlog\cl.command.1.tlog
c:\users\huzehao666\documents\cocos\cocosprojects\finalproject\proj.win32\debug.win32\finalproject.tlog\cl.read.1.tlog
c:\users\huzehao666\documents\cocos\cocosprojects\finalproject\proj.win32\debug.win32\finalproject.tlog\cl.write.1.tlog
c:\users\huzehao666\documents\cocos\cocosprojects\finalproject\proj.win32\debug.win32\finalproject.tlog\finalproject.write.1u.tlog
c:\users\huzehao666\documents\cocos\cocosprojects\finalproject\proj.win32\debug.win32\finalproject.tlog\link.command.1.tlog
c:\users\huzehao666\documents\cocos\cocosprojects\finalproject\proj.win32\debug.win32\finalproject.tlog\link.read.1.tlog
c:\users\huzehao666\documents\cocos\cocosprojects\finalproject\proj.win32\debug.win32\finalproject.tlog\link.write.1.tlog
c:\users\huzehao666\documents\cocos\cocosprojects\finalproject\proj.win32\debug.win32\finalproject.tlog\rc.command.1.tlog
c:\users\huzehao666\documents\cocos\cocosprojects\finalproject\proj.win32\debug.win32\finalproject.tlog\rc.read.1.tlog
c:\users\huzehao666\documents\cocos\cocosprojects\finalproject\proj.win32\debug.win32\finalproject.tlog\rc.write.1.tlog
